mode: set
github.com/zodimo/go-skia-support/skia/impl/alias.go:43.25,45.2 1 1
github.com/zodimo/go-skia-support/skia/impl/alias.go:47.38,49.2 1 1
github.com/zodimo/go-skia-support/skia/impl/alias.go:51.36,53.2 1 1
github.com/zodimo/go-skia-support/skia/impl/alias.go:55.41,57.2 1 1
github.com/zodimo/go-skia-support/skia/impl/matrix.go:14.35,18.2 1 1
github.com/zodimo/go-skia-support/skia/impl/matrix.go:25.49,29.2 1 1
github.com/zodimo/go-skia-support/skia/impl/matrix.go:36.45,40.2 1 1
github.com/zodimo/go-skia-support/skia/impl/matrix.go:47.43,54.2 4 1
github.com/zodimo/go-skia-support/skia/impl/matrix.go:57.44,61.2 3 0
github.com/zodimo/go-skia-support/skia/impl/matrix.go:65.46,68.2 2 0
github.com/zodimo/go-skia-support/skia/impl/matrix.go:72.67,76.2 3 0
github.com/zodimo/go-skia-support/skia/impl/matrix.go:83.105,87.2 3 1
github.com/zodimo/go-skia-support/skia/impl/matrix.go:91.62,95.2 3 0
github.com/zodimo/go-skia-support/skia/impl/matrix.go:111.39,113.2 1 1
github.com/zodimo/go-skia-support/skia/impl/matrix.go:116.35,120.2 1 1
github.com/zodimo/go-skia-support/skia/impl/matrix.go:125.42,126.24 1 1
github.com/zodimo/go-skia-support/skia/impl/matrix.go:126.24,128.3 1 1
github.com/zodimo/go-skia-support/skia/impl/matrix.go:129.2,129.29 1 1
github.com/zodimo/go-skia-support/skia/impl/matrix.go:134.53,137.2 2 0
github.com/zodimo/go-skia-support/skia/impl/matrix.go:140.48,145.2 1 1
github.com/zodimo/go-skia-support/skia/impl/matrix.go:148.53,153.12 4 1
github.com/zodimo/go-skia-support/skia/impl/matrix.go:153.12,155.3 1 1
github.com/zodimo/go-skia-support/skia/impl/matrix.go:157.2,160.3 1 1
github.com/zodimo/go-skia-support/skia/impl/matrix.go:164.26,167.2 2 0
github.com/zodimo/go-skia-support/skia/impl/matrix.go:170.32,172.2 1 0
github.com/zodimo/go-skia-support/skia/impl/matrix.go:175.42,185.2 9 1
github.com/zodimo/go-skia-support/skia/impl/matrix.go:188.46,198.2 9 1
github.com/zodimo/go-skia-support/skia/impl/matrix.go:201.41,211.2 9 0
github.com/zodimo/go-skia-support/skia/impl/matrix.go:214.59,215.24 1 1
github.com/zodimo/go-skia-support/skia/impl/matrix.go:215.24,228.3 12 1
github.com/zodimo/go-skia-support/skia/impl/matrix.go:228.8,243.3 14 0
github.com/zodimo/go-skia-support/skia/impl/matrix.go:247.43,253.23 3 1
github.com/zodimo/go-skia-support/skia/impl/matrix.go:253.23,256.3 2 1
github.com/zodimo/go-skia-support/skia/impl/matrix.go:257.2,257.20 1 1
github.com/zodimo/go-skia-support/skia/impl/matrix.go:257.20,260.3 2 1
github.com/zodimo/go-skia-support/skia/impl/matrix.go:263.2,266.69 3 1
github.com/zodimo/go-skia-support/skia/impl/matrix.go:266.69,278.3 10 1
github.com/zodimo/go-skia-support/skia/impl/matrix.go:281.2,281.52 1 1
github.com/zodimo/go-skia-support/skia/impl/matrix.go:281.52,292.3 9 0
github.com/zodimo/go-skia-support/skia/impl/matrix.go:292.8,303.3 9 1
github.com/zodimo/go-skia-support/skia/impl/matrix.go:307.46,308.24 1 0
github.com/zodimo/go-skia-support/skia/impl/matrix.go:308.24,311.3 2 0
github.com/zodimo/go-skia-support/skia/impl/matrix.go:311.8,314.3 2 0
github.com/zodimo/go-skia-support/skia/impl/matrix.go:318.42,319.24 1 0
github.com/zodimo/go-skia-support/skia/impl/matrix.go:319.24,321.3 1 0
github.com/zodimo/go-skia-support/skia/impl/matrix.go:322.2,327.23 6 0
github.com/zodimo/go-skia-support/skia/impl/matrix.go:331.41,334.2 2 0
github.com/zodimo/go-skia-support/skia/impl/matrix.go:337.59,341.2 3 0
github.com/zodimo/go-skia-support/skia/impl/matrix.go:344.44,345.25 1 0
github.com/zodimo/go-skia-support/skia/impl/matrix.go:345.25,347.3 1 0
github.com/zodimo/go-skia-support/skia/impl/matrix.go:351.47,352.24 1 1
github.com/zodimo/go-skia-support/skia/impl/matrix.go:352.24,355.3 2 0
github.com/zodimo/go-skia-support/skia/impl/matrix.go:355.8,358.3 2 1
github.com/zodimo/go-skia-support/skia/impl/matrix.go:362.43,363.24 1 0
github.com/zodimo/go-skia-support/skia/impl/matrix.go:363.24,365.3 1 0
github.com/zodimo/go-skia-support/skia/impl/matrix.go:366.2,371.23 6 0
github.com/zodimo/go-skia-support/skia/impl/matrix.go:375.42,378.2 2 0
github.com/zodimo/go-skia-support/skia/impl/matrix.go:381.60,385.2 3 1
github.com/zodimo/go-skia-support/skia/impl/matrix.go:388.45,389.25 1 0
github.com/zodimo/go-skia-support/skia/impl/matrix.go:389.25,391.3 1 0
github.com/zodimo/go-skia-support/skia/impl/matrix.go:395.36,397.2 1 1
github.com/zodimo/go-skia-support/skia/impl/matrix.go:400.36,402.2 1 1
github.com/zodimo/go-skia-support/skia/impl/matrix.go:405.35,407.2 1 0
github.com/zodimo/go-skia-support/skia/impl/matrix.go:410.35,412.2 1 0
github.com/zodimo/go-skia-support/skia/impl/matrix.go:415.40,417.2 1 1
github.com/zodimo/go-skia-support/skia/impl/matrix.go:420.40,422.2 1 1
github.com/zodimo/go-skia-support/skia/impl/matrix.go:425.36,427.2 1 0
github.com/zodimo/go-skia-support/skia/impl/matrix.go:430.36,432.2 1 0
github.com/zodimo/go-skia-support/skia/impl/matrix.go:437.39,438.29 1 1
github.com/zodimo/go-skia-support/skia/impl/matrix.go:438.29,440.3 1 1
github.com/zodimo/go-skia-support/skia/impl/matrix.go:441.2,441.10 1 0
github.com/zodimo/go-skia-support/skia/impl/matrix.go:447.34,449.2 1 1
github.com/zodimo/go-skia-support/skia/impl/matrix.go:453.44,454.50 1 1
github.com/zodimo/go-skia-support/skia/impl/matrix.go:454.50,456.3 1 1
github.com/zodimo/go-skia-support/skia/impl/matrix.go:457.2,457.10 1 0
github.com/zodimo/go-skia-support/skia/impl/matrix.go:463.47,464.29 1 0
github.com/zodimo/go-skia-support/skia/impl/matrix.go:464.29,467.3 1 0
github.com/zodimo/go-skia-support/skia/impl/matrix.go:473.41,476.2 1 1
github.com/zodimo/go-skia-support/skia/impl/matrix.go:484.102,495.2 9 1
github.com/zodimo/go-skia-support/skia/impl/matrix.go:498.38,500.2 1 0
github.com/zodimo/go-skia-support/skia/impl/matrix.go:503.38,505.2 1 0
github.com/zodimo/go-skia-support/skia/impl/matrix.go:508.37,510.2 1 0
github.com/zodimo/go-skia-support/skia/impl/matrix.go:513.37,515.2 1 0
github.com/zodimo/go-skia-support/skia/impl/matrix.go:518.42,520.2 1 0
github.com/zodimo/go-skia-support/skia/impl/matrix.go:523.42,525.2 1 0
github.com/zodimo/go-skia-support/skia/impl/matrix.go:528.38,530.2 1 0
github.com/zodimo/go-skia-support/skia/impl/matrix.go:533.38,535.2 1 0
github.com/zodimo/go-skia-support/skia/impl/matrix.go:538.35,540.2 1 1
github.com/zodimo/go-skia-support/skia/impl/matrix.go:543.41,546.2 1 1
github.com/zodimo/go-skia-support/skia/impl/matrix.go:554.36,557.2 2 1
github.com/zodimo/go-skia-support/skia/impl/matrix.go:560.39,562.2 1 1
github.com/zodimo/go-skia-support/skia/impl/matrix.go:565.45,567.39 2 0
github.com/zodimo/go-skia-support/skia/impl/matrix.go:567.39,569.3 1 0
github.com/zodimo/go-skia-support/skia/impl/matrix.go:570.2,570.43 1 0
github.com/zodimo/go-skia-support/skia/impl/matrix.go:570.43,572.3 1 0
github.com/zodimo/go-skia-support/skia/impl/matrix.go:574.2,580.22 5 0
github.com/zodimo/go-skia-support/skia/impl/matrix.go:580.22,582.3 1 0
github.com/zodimo/go-skia-support/skia/impl/matrix.go:585.2,586.30 2 0
github.com/zodimo/go-skia-support/skia/impl/matrix.go:590.38,594.39 2 0
github.com/zodimo/go-skia-support/skia/impl/matrix.go:594.39,596.3 1 0
github.com/zodimo/go-skia-support/skia/impl/matrix.go:597.2,597.43 1 0
github.com/zodimo/go-skia-support/skia/impl/matrix.go:597.43,599.3 1 0
github.com/zodimo/go-skia-support/skia/impl/matrix.go:602.2,611.49 5 0
github.com/zodimo/go-skia-support/skia/impl/matrix.go:615.44,618.50 2 1
github.com/zodimo/go-skia-support/skia/impl/matrix.go:618.50,620.3 1 1
github.com/zodimo/go-skia-support/skia/impl/matrix.go:622.2,622.50 1 1
github.com/zodimo/go-skia-support/skia/impl/matrix.go:622.50,624.3 1 1
github.com/zodimo/go-skia-support/skia/impl/matrix.go:626.2,626.48 1 1
github.com/zodimo/go-skia-support/skia/impl/matrix.go:626.48,628.3 1 1
github.com/zodimo/go-skia-support/skia/impl/matrix.go:630.2,630.24 1 1
github.com/zodimo/go-skia-support/skia/impl/matrix.go:630.24,634.3 2 1
github.com/zodimo/go-skia-support/skia/impl/matrix.go:636.2,636.13 1 1
github.com/zodimo/go-skia-support/skia/impl/matrix.go:640.49,642.16 2 1
github.com/zodimo/go-skia-support/skia/impl/matrix.go:642.16,644.3 1 1
github.com/zodimo/go-skia-support/skia/impl/matrix.go:646.2,646.20 1 1
github.com/zodimo/go-skia-support/skia/impl/matrix.go:646.20,649.3 2 0
github.com/zodimo/go-skia-support/skia/impl/matrix.go:651.2,651.24 1 1
github.com/zodimo/go-skia-support/skia/impl/matrix.go:651.24,652.30 1 0
github.com/zodimo/go-skia-support/skia/impl/matrix.go:652.30,654.4 1 0
github.com/zodimo/go-skia-support/skia/impl/matrix.go:655.8,656.30 1 1
github.com/zodimo/go-skia-support/skia/impl/matrix.go:656.30,658.4 1 1
github.com/zodimo/go-skia-support/skia/impl/matrix.go:661.2,661.14 1 1
github.com/zodimo/go-skia-support/skia/impl/matrix.go:665.41,666.46 1 1
github.com/zodimo/go-skia-support/skia/impl/matrix.go:666.46,676.3 3 1
github.com/zodimo/go-skia-support/skia/impl/matrix.go:678.2,678.26 1 1
github.com/zodimo/go-skia-support/skia/impl/matrix.go:678.26,690.19 9 1
github.com/zodimo/go-skia-support/skia/impl/matrix.go:690.19,692.4 1 1
github.com/zodimo/go-skia-support/skia/impl/matrix.go:693.3,693.19 1 1
github.com/zodimo/go-skia-support/skia/impl/matrix.go:693.19,695.4 1 1
github.com/zodimo/go-skia-support/skia/impl/matrix.go:697.3,697.66 1 1
github.com/zodimo/go-skia-support/skia/impl/matrix.go:701.2,717.25 8 0
github.com/zodimo/go-skia-support/skia/impl/matrix.go:717.25,718.25 1 0
github.com/zodimo/go-skia-support/skia/impl/matrix.go:718.25,720.4 1 0
github.com/zodimo/go-skia-support/skia/impl/matrix.go:721.3,721.25 1 0
github.com/zodimo/go-skia-support/skia/impl/matrix.go:721.25,723.4 1 0
github.com/zodimo/go-skia-support/skia/impl/matrix.go:724.3,724.25 1 0
github.com/zodimo/go-skia-support/skia/impl/matrix.go:724.25,726.4 1 0
github.com/zodimo/go-skia-support/skia/impl/matrix.go:727.3,727.25 1 0
github.com/zodimo/go-skia-support/skia/impl/matrix.go:727.25,729.4 1 0
github.com/zodimo/go-skia-support/skia/impl/matrix.go:732.2,732.63 1 0
github.com/zodimo/go-skia-support/skia/impl/matrix.go:736.52,741.52 3 0
github.com/zodimo/go-skia-support/skia/impl/matrix.go:741.52,744.3 2 0
github.com/zodimo/go-skia-support/skia/impl/matrix.go:747.2,752.13 5 0
github.com/zodimo/go-skia-support/skia/impl/matrix.go:756.44,759.38 2 1
github.com/zodimo/go-skia-support/skia/impl/matrix.go:759.38,761.3 1 0
github.com/zodimo/go-skia-support/skia/impl/matrix.go:764.2,764.72 1 1
github.com/zodimo/go-skia-support/skia/impl/matrix.go:764.72,765.38 1 1
github.com/zodimo/go-skia-support/skia/impl/matrix.go:765.38,770.44 3 1
github.com/zodimo/go-skia-support/skia/impl/matrix.go:770.44,772.5 1 1
github.com/zodimo/go-skia-support/skia/impl/matrix.go:774.4,777.44 3 1
github.com/zodimo/go-skia-support/skia/impl/matrix.go:777.44,779.5 1 1
github.com/zodimo/go-skia-support/skia/impl/matrix.go:781.4,791.20 11 1
github.com/zodimo/go-skia-support/skia/impl/matrix.go:795.3,795.63 1 1
github.com/zodimo/go-skia-support/skia/impl/matrix.go:795.63,797.4 1 1
github.com/zodimo/go-skia-support/skia/impl/matrix.go:799.3,799.70 1 1
github.com/zodimo/go-skia-support/skia/impl/matrix.go:803.2,806.17 3 1
github.com/zodimo/go-skia-support/skia/impl/matrix.go:806.17,808.3 1 0
github.com/zodimo/go-skia-support/skia/impl/matrix.go:810.2,813.21 3 1
github.com/zodimo/go-skia-support/skia/impl/matrix.go:813.21,815.3 1 1
github.com/zodimo/go-skia-support/skia/impl/matrix.go:817.2,817.18 1 1
github.com/zodimo/go-skia-support/skia/impl/matrix.go:822.45,823.18 1 0
github.com/zodimo/go-skia-support/skia/impl/matrix.go:823.18,825.3 1 0
github.com/zodimo/go-skia-support/skia/impl/matrix.go:826.2,827.25 2 0
github.com/zodimo/go-skia-support/skia/impl/matrix.go:827.25,828.34 1 0
github.com/zodimo/go-skia-support/skia/impl/matrix.go:828.34,830.4 1 0
github.com/zodimo/go-skia-support/skia/impl/matrix.go:832.2,832.13 1 0
github.com/zodimo/go-skia-support/skia/impl/matrix.go:835.33,836.25 1 1
github.com/zodimo/go-skia-support/skia/impl/matrix.go:836.25,837.26 1 1
github.com/zodimo/go-skia-support/skia/impl/matrix.go:837.26,839.4 1 1
github.com/zodimo/go-skia-support/skia/impl/matrix.go:841.2,841.13 1 1
github.com/zodimo/go-skia-support/skia/impl/matrix.go:844.67,848.35 2 1
github.com/zodimo/go-skia-support/skia/impl/matrix.go:848.35,850.3 1 0
github.com/zodimo/go-skia-support/skia/impl/matrix.go:852.2,852.18 1 1
github.com/zodimo/go-skia-support/skia/impl/matrix.go:855.64,856.19 1 1
github.com/zodimo/go-skia-support/skia/impl/matrix.go:856.19,866.3 1 1
github.com/zodimo/go-skia-support/skia/impl/matrix.go:866.8,869.3 1 1
github.com/zodimo/go-skia-support/skia/impl/matrix.go:872.89,873.13 1 1
github.com/zodimo/go-skia-support/skia/impl/matrix.go:873.13,883.3 9 1
github.com/zodimo/go-skia-support/skia/impl/matrix.go:883.8,893.3 9 1
github.com/zodimo/go-skia-support/skia/impl/matrix_helpers.go:6.40,8.2 1 1
github.com/zodimo/go-skia-support/skia/impl/matrix_helpers.go:10.42,12.2 1 1
github.com/zodimo/go-skia-support/skia/impl/matrix_helpers.go:15.38,17.2 1 1
github.com/zodimo/go-skia-support/skia/impl/matrix_helpers.go:19.42,21.2 1 0
github.com/zodimo/go-skia-support/skia/impl/matrix_helpers.go:23.30,25.2 1 1
github.com/zodimo/go-skia-support/skia/impl/matrix_helpers.go:27.27,28.11 1 1
github.com/zodimo/go-skia-support/skia/impl/matrix_helpers.go:28.11,30.3 1 1
github.com/zodimo/go-skia-support/skia/impl/matrix_helpers.go:31.2,31.10 1 1
github.com/zodimo/go-skia-support/skia/impl/matrix_helpers.go:34.41,36.2 1 1
github.com/zodimo/go-skia-support/skia/impl/matrix_helpers.go:38.62,40.2 1 1
github.com/zodimo/go-skia-support/skia/impl/matrix_helpers.go:42.55,44.2 1 1
github.com/zodimo/go-skia-support/skia/impl/paint.go:45.24,69.2 1 1
github.com/zodimo/go-skia-support/skia/impl/paint.go:72.46,76.2 3 0
github.com/zodimo/go-skia-support/skia/impl/paint.go:79.25,82.2 1 1
github.com/zodimo/go-skia-support/skia/impl/paint.go:85.43,86.30 1 1
github.com/zodimo/go-skia-support/skia/impl/paint.go:86.30,88.3 1 0
github.com/zodimo/go-skia-support/skia/impl/paint.go:89.2,89.30 1 1
github.com/zodimo/go-skia-support/skia/impl/paint.go:89.30,91.3 1 0
github.com/zodimo/go-skia-support/skia/impl/paint.go:93.2,94.50 2 1
github.com/zodimo/go-skia-support/skia/impl/paint.go:94.50,96.3 1 1
github.com/zodimo/go-skia-support/skia/impl/paint.go:96.8,96.57 1 1
github.com/zodimo/go-skia-support/skia/impl/paint.go:96.57,98.3 1 1
github.com/zodimo/go-skia-support/skia/impl/paint.go:98.8,100.3 1 0
github.com/zodimo/go-skia-support/skia/impl/paint.go:101.2,111.33 1 1
github.com/zodimo/go-skia-support/skia/impl/paint.go:116.41,119.2 1 1
github.com/zodimo/go-skia-support/skia/impl/paint.go:122.43,124.2 1 0
github.com/zodimo/go-skia-support/skia/impl/paint.go:127.43,134.2 1 0
github.com/zodimo/go-skia-support/skia/impl/paint.go:137.43,139.2 1 1
github.com/zodimo/go-skia-support/skia/impl/paint.go:143.38,145.2 1 1
github.com/zodimo/go-skia-support/skia/impl/paint.go:148.36,150.2 1 1
github.com/zodimo/go-skia-support/skia/impl/paint.go:154.34,157.2 1 0
github.com/zodimo/go-skia-support/skia/impl/paint.go:160.37,162.2 1 1
github.com/zodimo/go-skia-support/skia/impl/paint.go:166.35,168.2 1 1
github.com/zodimo/go-skia-support/skia/impl/paint.go:171.45,173.2 1 1
github.com/zodimo/go-skia-support/skia/impl/paint.go:176.50,177.29 1 1
github.com/zodimo/go-skia-support/skia/impl/paint.go:177.29,179.3 1 1
github.com/zodimo/go-skia-support/skia/impl/paint.go:183.42,184.14 1 1
github.com/zodimo/go-skia-support/skia/impl/paint.go:184.14,186.3 1 1
github.com/zodimo/go-skia-support/skia/impl/paint.go:186.8,188.3 1 1
github.com/zodimo/go-skia-support/skia/impl/paint.go:192.41,194.2 1 0
github.com/zodimo/go-skia-support/skia/impl/paint.go:197.46,198.15 1 1
github.com/zodimo/go-skia-support/skia/impl/paint.go:198.15,200.3 1 0
github.com/zodimo/go-skia-support/skia/impl/paint.go:201.2,201.17 1 1
github.com/zodimo/go-skia-support/skia/impl/paint.go:205.41,207.2 1 0
github.com/zodimo/go-skia-support/skia/impl/paint.go:210.46,211.15 1 1
github.com/zodimo/go-skia-support/skia/impl/paint.go:211.15,213.3 1 0
github.com/zodimo/go-skia-support/skia/impl/paint.go:214.2,214.22 1 1
github.com/zodimo/go-skia-support/skia/impl/paint.go:218.47,220.2 1 1
github.com/zodimo/go-skia-support/skia/impl/paint.go:223.50,224.31 1 1
github.com/zodimo/go-skia-support/skia/impl/paint.go:224.31,226.3 1 1
github.com/zodimo/go-skia-support/skia/impl/paint.go:230.49,232.2 1 1
github.com/zodimo/go-skia-support/skia/impl/paint.go:235.53,236.27 1 1
github.com/zodimo/go-skia-support/skia/impl/paint.go:236.27,238.3 1 1
github.com/zodimo/go-skia-support/skia/impl/paint.go:242.36,244.2 1 0
github.com/zodimo/go-skia-support/skia/impl/paint.go:247.39,249.2 1 1
github.com/zodimo/go-skia-support/skia/impl/paint.go:252.33,254.2 1 0
github.com/zodimo/go-skia-support/skia/impl/paint.go:257.40,259.2 1 1
github.com/zodimo/go-skia-support/skia/impl/paint.go:262.42,264.2 1 0
github.com/zodimo/go-skia-support/skia/impl/paint.go:267.36,269.2 1 0
github.com/zodimo/go-skia-support/skia/impl/paint.go:272.52,274.2 1 1
github.com/zodimo/go-skia-support/skia/impl/paint.go:277.46,279.2 1 0
github.com/zodimo/go-skia-support/skia/impl/paint.go:282.50,284.2 1 1
github.com/zodimo/go-skia-support/skia/impl/paint.go:287.44,289.2 1 0
github.com/zodimo/go-skia-support/skia/impl/paint.go:292.50,294.2 1 1
github.com/zodimo/go-skia-support/skia/impl/paint.go:297.44,299.2 1 0
github.com/zodimo/go-skia-support/skia/impl/paint.go:302.52,304.2 1 1
github.com/zodimo/go-skia-support/skia/impl/paint.go:307.46,309.2 1 0
github.com/zodimo/go-skia-support/skia/impl/paint.go:312.45,316.20 2 0
github.com/zodimo/go-skia-support/skia/impl/paint.go:316.20,318.3 1 0
github.com/zodimo/go-skia-support/skia/impl/paint.go:322.38,324.2 1 0
github.com/zodimo/go-skia-support/skia/impl/paint.go:329.52,330.36 1 1
github.com/zodimo/go-skia-support/skia/impl/paint.go:330.36,333.3 2 1
github.com/zodimo/go-skia-support/skia/impl/paint.go:333.8,339.3 1 1
github.com/zodimo/go-skia-support/skia/impl/paint.go:344.55,345.22 1 1
github.com/zodimo/go-skia-support/skia/impl/paint.go:345.22,347.25 1 1
github.com/zodimo/go-skia-support/skia/impl/paint.go:347.25,349.4 1 1
github.com/zodimo/go-skia-support/skia/impl/paint.go:350.3,350.38 1 1
github.com/zodimo/go-skia-support/skia/impl/paint.go:353.2,353.32 1 0
github.com/zodimo/go-skia-support/skia/impl/paint.go:357.77,359.8 2 0
github.com/zodimo/go-skia-support/skia/impl/paint.go:359.8,361.3 1 0
github.com/zodimo/go-skia-support/skia/impl/paint.go:362.2,362.20 1 0
github.com/zodimo/go-skia-support/skia/impl/paint.go:366.34,367.22 1 0
github.com/zodimo/go-skia-support/skia/impl/paint.go:367.22,369.25 1 0
github.com/zodimo/go-skia-support/skia/impl/paint.go:369.25,371.4 1 0
github.com/zodimo/go-skia-support/skia/impl/paint.go:372.3,372.48 1 0
github.com/zodimo/go-skia-support/skia/impl/paint.go:375.2,376.8 2 0
github.com/zodimo/go-skia-support/skia/impl/paint.go:376.8,378.3 1 0
github.com/zodimo/go-skia-support/skia/impl/paint.go:380.2,380.14 1 0
github.com/zodimo/go-skia-support/skia/impl/paint.go:386.45,388.26 1 0
github.com/zodimo/go-skia-support/skia/impl/paint.go:388.26,389.44 1 0
github.com/zodimo/go-skia-support/skia/impl/paint.go:389.44,391.4 1 0
github.com/zodimo/go-skia-support/skia/impl/paint.go:396.2,396.25 1 0
github.com/zodimo/go-skia-support/skia/impl/paint.go:396.25,397.43 1 0
github.com/zodimo/go-skia-support/skia/impl/paint.go:397.43,399.4 1 0
github.com/zodimo/go-skia-support/skia/impl/paint.go:402.2,402.13 1 0
github.com/zodimo/go-skia-support/skia/impl/paint.go:410.90,412.35 2 1
github.com/zodimo/go-skia-support/skia/impl/paint.go:412.35,414.3 1 1
github.com/zodimo/go-skia-support/skia/impl/paint.go:414.8,416.3 1 1
github.com/zodimo/go-skia-support/skia/impl/paint.go:417.2,418.48 2 1
github.com/zodimo/go-skia-support/skia/impl/paint.go:418.48,420.3 1 0
github.com/zodimo/go-skia-support/skia/impl/paint.go:421.2,421.113 1 1
github.com/zodimo/go-skia-support/skia/impl/paint.go:427.66,428.20 1 1
github.com/zodimo/go-skia-support/skia/impl/paint.go:428.20,429.35 1 0
github.com/zodimo/go-skia-support/skia/impl/paint.go:434.2,436.35 2 1
github.com/zodimo/go-skia-support/skia/impl/paint.go:436.35,437.73 1 1
github.com/zodimo/go-skia-support/skia/impl/paint.go:437.73,440.4 2 1
github.com/zodimo/go-skia-support/skia/impl/paint.go:443.2,443.52 1 1
github.com/zodimo/go-skia-support/skia/impl/paint.go:449.72,451.2 1 1
github.com/zodimo/go-skia-support/skia/impl/paint.go:456.95,457.20 1 1
github.com/zodimo/go-skia-support/skia/impl/paint.go:457.20,458.35 1 0
github.com/zodimo/go-skia-support/skia/impl/paint.go:461.2,464.25 2 1
github.com/zodimo/go-skia-support/skia/impl/paint.go:464.25,466.46 2 1
github.com/zodimo/go-skia-support/skia/impl/paint.go:466.46,468.4 1 1
github.com/zodimo/go-skia-support/skia/impl/paint.go:472.2,476.25 3 1
github.com/zodimo/go-skia-support/skia/impl/paint.go:476.25,478.3 1 1
github.com/zodimo/go-skia-support/skia/impl/paint.go:481.2,481.26 1 1
github.com/zodimo/go-skia-support/skia/impl/paint.go:481.26,483.3 1 1
github.com/zodimo/go-skia-support/skia/impl/paint.go:485.2,485.17 1 1
github.com/zodimo/go-skia-support/skia/impl/paint.go:492.38,494.9 2 1
github.com/zodimo/go-skia-support/skia/impl/paint.go:494.9,497.3 1 0
github.com/zodimo/go-skia-support/skia/impl/paint.go:499.2,499.14 1 1
github.com/zodimo/go-skia-support/skia/impl/paint.go:500.122,502.25 1 1
github.com/zodimo/go-skia-support/skia/impl/paint.go:502.25,504.4 1 1
github.com/zodimo/go-skia-support/skia/impl/paint.go:505.26,507.14 1 1
github.com/zodimo/go-skia-support/skia/impl/paint.go:510.2,510.14 1 1
github.com/zodimo/go-skia-support/skia/impl/paint_helpers.go:14.52,22.2 5 1
github.com/zodimo/go-skia-support/skia/impl/paint_helpers.go:31.145,32.21 1 1
github.com/zodimo/go-skia-support/skia/impl/paint_helpers.go:32.21,34.3 1 1
github.com/zodimo/go-skia-support/skia/impl/paint_helpers.go:34.8,34.29 1 1
github.com/zodimo/go-skia-support/skia/impl/paint_helpers.go:34.29,38.49 1 1
github.com/zodimo/go-skia-support/skia/impl/paint_helpers.go:38.49,40.4 1 1
github.com/zodimo/go-skia-support/skia/impl/paint_helpers.go:41.3,41.13 1 1
github.com/zodimo/go-skia-support/skia/impl/paint_helpers.go:45.2,46.34 2 1
github.com/zodimo/go-skia-support/skia/impl/paint_helpers.go:46.34,47.30 1 1
github.com/zodimo/go-skia-support/skia/impl/paint_helpers.go:47.30,49.4 1 1
github.com/zodimo/go-skia-support/skia/impl/paint_helpers.go:51.2,51.33 1 1
github.com/zodimo/go-skia-support/skia/impl/paint_helpers.go:51.33,53.25 2 1
github.com/zodimo/go-skia-support/skia/impl/paint_helpers.go:53.25,55.4 1 1
github.com/zodimo/go-skia-support/skia/impl/paint_helpers.go:57.2,57.37 1 1
github.com/zodimo/go-skia-support/skia/impl/path.go:28.63,35.2 1 1
github.com/zodimo/go-skia-support/skia/impl/path.go:39.118,43.2 3 0
github.com/zodimo/go-skia-support/skia/impl/path.go:46.96,48.2 1 0
github.com/zodimo/go-skia-support/skia/impl/path.go:52.101,56.2 3 0
github.com/zodimo/go-skia-support/skia/impl/path.go:59.79,61.2 1 0
github.com/zodimo/go-skia-support/skia/impl/path.go:65.115,69.2 3 1
github.com/zodimo/go-skia-support/skia/impl/path.go:72.93,74.2 1 1
github.com/zodimo/go-skia-support/skia/impl/path.go:78.104,82.2 3 0
github.com/zodimo/go-skia-support/skia/impl/path.go:85.82,87.2 1 0
github.com/zodimo/go-skia-support/skia/impl/path.go:91.77,96.2 4 0
github.com/zodimo/go-skia-support/skia/impl/path.go:99.55,101.2 1 0
github.com/zodimo/go-skia-support/skia/impl/path.go:104.50,106.2 1 1
github.com/zodimo/go-skia-support/skia/impl/path.go:109.61,111.2 1 0
github.com/zodimo/go-skia-support/skia/impl/path.go:114.45,116.2 1 0
github.com/zodimo/go-skia-support/skia/impl/path.go:119.44,121.2 1 0
github.com/zodimo/go-skia-support/skia/impl/path.go:124.52,126.45 2 1
github.com/zodimo/go-skia-support/skia/impl/path.go:126.45,128.3 1 1
github.com/zodimo/go-skia-support/skia/impl/path.go:129.2,129.18 1 1
github.com/zodimo/go-skia-support/skia/impl/path.go:133.36,135.2 1 1
github.com/zodimo/go-skia-support/skia/impl/path.go:138.28,146.2 7 0
github.com/zodimo/go-skia-support/skia/impl/path.go:149.35,151.2 1 1
github.com/zodimo/go-skia-support/skia/impl/path.go:154.36,155.30 1 1
github.com/zodimo/go-skia-support/skia/impl/path.go:155.30,156.41 1 1
github.com/zodimo/go-skia-support/skia/impl/path.go:156.41,158.4 1 0
github.com/zodimo/go-skia-support/skia/impl/path.go:160.2,160.13 1 1
github.com/zodimo/go-skia-support/skia/impl/path.go:164.34,165.59 1 0
github.com/zodimo/go-skia-support/skia/impl/path.go:165.59,167.3 1 0
github.com/zodimo/go-skia-support/skia/impl/path.go:168.2,168.14 1 0
github.com/zodimo/go-skia-support/skia/impl/path.go:172.38,174.2 1 1
github.com/zodimo/go-skia-support/skia/impl/path.go:177.43,178.41 1 1
github.com/zodimo/go-skia-support/skia/impl/path.go:178.41,180.3 1 1
github.com/zodimo/go-skia-support/skia/impl/path.go:181.2,181.26 1 0
github.com/zodimo/go-skia-support/skia/impl/path.go:185.50,187.23 2 0
github.com/zodimo/go-skia-support/skia/impl/path.go:187.23,189.3 1 0
github.com/zodimo/go-skia-support/skia/impl/path.go:190.2,191.22 2 0
github.com/zodimo/go-skia-support/skia/impl/path.go:195.37,197.2 1 1
github.com/zodimo/go-skia-support/skia/impl/path.go:200.57,202.22 2 1
github.com/zodimo/go-skia-support/skia/impl/path.go:202.22,204.3 1 0
github.com/zodimo/go-skia-support/skia/impl/path.go:205.2,206.21 2 1
github.com/zodimo/go-skia-support/skia/impl/path.go:211.44,212.30 1 0
github.com/zodimo/go-skia-support/skia/impl/path.go:212.30,214.3 1 0
github.com/zodimo/go-skia-support/skia/impl/path.go:215.2,217.16 3 0
github.com/zodimo/go-skia-support/skia/impl/path.go:223.49,224.24 1 1
github.com/zodimo/go-skia-support/skia/impl/path.go:224.24,226.3 1 0
github.com/zodimo/go-skia-support/skia/impl/path.go:227.2,227.40 1 1
github.com/zodimo/go-skia-support/skia/impl/path.go:231.34,232.19 1 1
github.com/zodimo/go-skia-support/skia/impl/path.go:232.19,234.3 1 1
github.com/zodimo/go-skia-support/skia/impl/path.go:235.2,235.17 1 1
github.com/zodimo/go-skia-support/skia/impl/path.go:239.40,241.2 1 1
github.com/zodimo/go-skia-support/skia/impl/path.go:244.46,246.49 1 0
github.com/zodimo/go-skia-support/skia/impl/path.go:246.49,248.3 1 0
github.com/zodimo/go-skia-support/skia/impl/path.go:249.2,249.31 1 0
github.com/zodimo/go-skia-support/skia/impl/path.go:253.40,254.71 1 1
github.com/zodimo/go-skia-support/skia/impl/path.go:254.71,257.3 1 0
github.com/zodimo/go-skia-support/skia/impl/path.go:257.8,262.3 3 1
github.com/zodimo/go-skia-support/skia/impl/path.go:263.2,263.20 1 1
github.com/zodimo/go-skia-support/skia/impl/path.go:267.42,269.2 1 1
github.com/zodimo/go-skia-support/skia/impl/path.go:272.40,277.2 4 1
github.com/zodimo/go-skia-support/skia/impl/path.go:280.42,282.2 1 1
github.com/zodimo/go-skia-support/skia/impl/path.go:285.48,290.2 4 1
github.com/zodimo/go-skia-support/skia/impl/path.go:293.45,295.2 1 0
github.com/zodimo/go-skia-support/skia/impl/path.go:298.59,300.14 1 1
github.com/zodimo/go-skia-support/skia/impl/path.go:300.14,302.3 1 0
github.com/zodimo/go-skia-support/skia/impl/path.go:302.8,302.25 1 1
github.com/zodimo/go-skia-support/skia/impl/path.go:302.25,305.3 2 0
github.com/zodimo/go-skia-support/skia/impl/path.go:305.8,305.21 1 1
github.com/zodimo/go-skia-support/skia/impl/path.go:305.21,307.3 1 0
github.com/zodimo/go-skia-support/skia/impl/path.go:307.8,313.3 5 1
github.com/zodimo/go-skia-support/skia/impl/path.go:317.56,319.2 1 1
github.com/zodimo/go-skia-support/skia/impl/path.go:322.61,327.2 4 1
github.com/zodimo/go-skia-support/skia/impl/path.go:330.51,332.2 1 0
github.com/zodimo/go-skia-support/skia/impl/path.go:338.28,339.22 1 1
github.com/zodimo/go-skia-support/skia/impl/path.go:339.22,340.34 1 1
github.com/zodimo/go-skia-support/skia/impl/path.go:341.109,342.50 1 1
github.com/zodimo/go-skia-support/skia/impl/path.go:343.28,343.28 0 0
github.com/zodimo/go-skia-support/skia/impl/path.go:348.2,348.28 1 1
github.com/zodimo/go-skia-support/skia/impl/path.go:348.28,350.3 1 1
github.com/zodimo/go-skia-support/skia/impl/path.go:351.2,351.20 1 1
github.com/zodimo/go-skia-support/skia/impl/path.go:355.81,357.2 1 1
github.com/zodimo/go-skia-support/skia/impl/path.go:360.64,363.2 1 1
github.com/zodimo/go-skia-support/skia/impl/path.go:366.78,367.16 1 1
github.com/zodimo/go-skia-support/skia/impl/path.go:367.16,374.3 1 1
github.com/zodimo/go-skia-support/skia/impl/path.go:378.67,381.35 2 1
github.com/zodimo/go-skia-support/skia/impl/path.go:381.35,383.3 1 1
github.com/zodimo/go-skia-support/skia/impl/path.go:384.2,384.45 1 1
github.com/zodimo/go-skia-support/skia/impl/path.go:388.93,389.39 1 1
github.com/zodimo/go-skia-support/skia/impl/path.go:389.39,393.3 2 1
github.com/zodimo/go-skia-support/skia/impl/path.go:393.8,393.27 1 1
github.com/zodimo/go-skia-support/skia/impl/path.go:393.27,397.3 2 1
github.com/zodimo/go-skia-support/skia/impl/path.go:397.8,399.3 1 1
github.com/zodimo/go-skia-support/skia/impl/path.go:403.94,407.2 2 1
github.com/zodimo/go-skia-support/skia/impl/path.go:410.76,414.2 2 1
github.com/zodimo/go-skia-support/skia/impl/path.go:417.91,419.2 1 1
github.com/zodimo/go-skia-support/skia/impl/path.go:422.95,425.41 1 1
github.com/zodimo/go-skia-support/skia/impl/path.go:425.41,427.3 1 1
github.com/zodimo/go-skia-support/skia/impl/path.go:430.2,431.43 2 1
github.com/zodimo/go-skia-support/skia/impl/path.go:431.43,434.45 2 1
github.com/zodimo/go-skia-support/skia/impl/path.go:434.45,445.4 9 1
github.com/zodimo/go-skia-support/skia/impl/path.go:446.3,446.9 1 1
github.com/zodimo/go-skia-support/skia/impl/path.go:450.2,452.44 3 1
github.com/zodimo/go-skia-support/skia/impl/path.go:452.44,453.19 1 1
github.com/zodimo/go-skia-support/skia/impl/path.go:453.19,466.4 5 0
github.com/zodimo/go-skia-support/skia/impl/path.go:466.9,468.4 1 1
github.com/zodimo/go-skia-support/skia/impl/path.go:469.8,473.3 1 0
github.com/zodimo/go-skia-support/skia/impl/path.go:476.2,476.79 1 1
github.com/zodimo/go-skia-support/skia/impl/path.go:476.79,478.31 1 1
github.com/zodimo/go-skia-support/skia/impl/path.go:478.31,480.4 1 1
github.com/zodimo/go-skia-support/skia/impl/path.go:480.9,480.64 1 1
github.com/zodimo/go-skia-support/skia/impl/path.go:480.64,482.4 1 0
github.com/zodimo/go-skia-support/skia/impl/path.go:485.3,488.29 2 1
github.com/zodimo/go-skia-support/skia/impl/path.go:488.29,490.4 1 1
github.com/zodimo/go-skia-support/skia/impl/path.go:493.3,499.9 4 1
github.com/zodimo/go-skia-support/skia/impl/path.go:504.2,504.16 1 1
github.com/zodimo/go-skia-support/skia/impl/path.go:504.16,516.30 9 0
github.com/zodimo/go-skia-support/skia/impl/path.go:516.30,517.16 1 0
github.com/zodimo/go-skia-support/skia/impl/path.go:518.28,522.69 3 0
github.com/zodimo/go-skia-support/skia/impl/path.go:522.69,526.54 3 0
github.com/zodimo/go-skia-support/skia/impl/path.go:526.54,528.7 1 0
github.com/zodimo/go-skia-support/skia/impl/path.go:529.11,531.6 1 0
github.com/zodimo/go-skia-support/skia/impl/path.go:532.5,532.22 1 0
github.com/zodimo/go-skia-support/skia/impl/path.go:534.28,538.22 4 0
github.com/zodimo/go-skia-support/skia/impl/path.go:540.28,545.22 5 0
github.com/zodimo/go-skia-support/skia/impl/path.go:547.29,554.22 6 0
github.com/zodimo/go-skia-support/skia/impl/path.go:556.29,562.22 6 0
github.com/zodimo/go-skia-support/skia/impl/path.go:564.29,566.22 2 0
github.com/zodimo/go-skia-support/skia/impl/path.go:569.8,575.34 4 1
github.com/zodimo/go-skia-support/skia/impl/path.go:575.34,576.16 1 1
github.com/zodimo/go-skia-support/skia/impl/path.go:577.28,581.69 3 1
github.com/zodimo/go-skia-support/skia/impl/path.go:581.69,585.54 3 1
github.com/zodimo/go-skia-support/skia/impl/path.go:585.54,587.7 1 1
github.com/zodimo/go-skia-support/skia/impl/path.go:588.11,590.6 1 0
github.com/zodimo/go-skia-support/skia/impl/path.go:591.5,591.22 1 1
github.com/zodimo/go-skia-support/skia/impl/path.go:593.28,597.22 4 1
github.com/zodimo/go-skia-support/skia/impl/path.go:599.28,604.22 5 0
github.com/zodimo/go-skia-support/skia/impl/path.go:606.29,613.22 7 0
github.com/zodimo/go-skia-support/skia/impl/path.go:615.29,621.22 6 0
github.com/zodimo/go-skia-support/skia/impl/path.go:623.29,625.22 2 0
github.com/zodimo/go-skia-support/skia/impl/path.go:632.47,634.26 1 1
github.com/zodimo/go-skia-support/skia/impl/path.go:634.26,636.3 1 1
github.com/zodimo/go-skia-support/skia/impl/path.go:637.2,638.44 2 1
github.com/zodimo/go-skia-support/skia/impl/path.go:642.42,643.26 1 0
github.com/zodimo/go-skia-support/skia/impl/path.go:643.26,646.3 2 0
github.com/zodimo/go-skia-support/skia/impl/path.go:647.2,647.22 1 0
github.com/zodimo/go-skia-support/skia/impl/path.go:650.68,655.66 3 1
github.com/zodimo/go-skia-support/skia/impl/path.go:655.66,657.22 2 0
github.com/zodimo/go-skia-support/skia/impl/path.go:657.22,659.4 1 0
github.com/zodimo/go-skia-support/skia/impl/path.go:662.2,662.22 1 1
github.com/zodimo/go-skia-support/skia/impl/path.go:667.64,669.2 1 1
github.com/zodimo/go-skia-support/skia/impl/path.go:671.56,673.2 1 1
github.com/zodimo/go-skia-support/skia/impl/path.go:675.59,676.19 1 1
github.com/zodimo/go-skia-support/skia/impl/path.go:676.19,678.3 1 0
github.com/zodimo/go-skia-support/skia/impl/path.go:681.2,683.21 2 1
github.com/zodimo/go-skia-support/skia/impl/path.go:683.21,685.3 1 1
github.com/zodimo/go-skia-support/skia/impl/path.go:688.2,688.29 1 1
github.com/zodimo/go-skia-support/skia/impl/path.go:688.29,690.3 1 1
github.com/zodimo/go-skia-support/skia/impl/path.go:694.2,699.56 5 1
github.com/zodimo/go-skia-support/skia/impl/path.go:699.56,704.24 3 1
github.com/zodimo/go-skia-support/skia/impl/path.go:704.24,705.34 1 1
github.com/zodimo/go-skia-support/skia/impl/path.go:705.34,706.21 1 1
github.com/zodimo/go-skia-support/skia/impl/path.go:706.21,708.6 1 1
github.com/zodimo/go-skia-support/skia/impl/path.go:709.10,713.5 2 1
github.com/zodimo/go-skia-support/skia/impl/path.go:717.3,717.24 1 1
github.com/zodimo/go-skia-support/skia/impl/path.go:717.24,718.65 1 1
github.com/zodimo/go-skia-support/skia/impl/path.go:718.65,719.23 1 1
github.com/zodimo/go-skia-support/skia/impl/path.go:719.23,721.6 1 1
github.com/zodimo/go-skia-support/skia/impl/path.go:722.5,724.35 3 1
github.com/zodimo/go-skia-support/skia/impl/path.go:724.35,725.22 1 0
github.com/zodimo/go-skia-support/skia/impl/path.go:725.22,727.7 1 0
github.com/zodimo/go-skia-support/skia/impl/path.go:729.10,734.38 2 1
github.com/zodimo/go-skia-support/skia/impl/path.go:734.38,735.34 1 1
github.com/zodimo/go-skia-support/skia/impl/path.go:735.34,736.31 1 1
github.com/zodimo/go-skia-support/skia/impl/path.go:736.31,738.8 1 1
github.com/zodimo/go-skia-support/skia/impl/path.go:742.9,745.34 1 1
github.com/zodimo/go-skia-support/skia/impl/path.go:745.34,747.5 1 0
github.com/zodimo/go-skia-support/skia/impl/path.go:752.2,752.34 1 1
github.com/zodimo/go-skia-support/skia/impl/path.go:752.34,754.3 1 0
github.com/zodimo/go-skia-support/skia/impl/path.go:756.2,757.73 2 1
github.com/zodimo/go-skia-support/skia/impl/path.go:757.73,759.3 1 0
github.com/zodimo/go-skia-support/skia/impl/path.go:761.2,761.48 1 1
github.com/zodimo/go-skia-support/skia/impl/path.go:764.45,766.31 2 0
github.com/zodimo/go-skia-support/skia/impl/path.go:766.31,767.15 1 0
github.com/zodimo/go-skia-support/skia/impl/path.go:768.27,769.32 1 0
github.com/zodimo/go-skia-support/skia/impl/path.go:770.27,771.32 1 0
github.com/zodimo/go-skia-support/skia/impl/path.go:772.28,773.33 1 0
github.com/zodimo/go-skia-support/skia/impl/path.go:774.28,775.33 1 0
github.com/zodimo/go-skia-support/skia/impl/path.go:778.2,778.13 1 0
github.com/zodimo/go-skia-support/skia/impl/path.go:781.43,782.27 1 1
github.com/zodimo/go-skia-support/skia/impl/path.go:782.27,784.24 2 1
github.com/zodimo/go-skia-support/skia/impl/path.go:784.24,786.4 1 1
github.com/zodimo/go-skia-support/skia/impl/path.go:786.9,789.4 2 1
github.com/zodimo/go-skia-support/skia/impl/path.go:790.3,790.17 1 1
github.com/zodimo/go-skia-support/skia/impl/path.go:794.37,797.2 2 1
github.com/zodimo/go-skia-support/skia/impl/path.go:800.46,802.2 1 1
github.com/zodimo/go-skia-support/skia/impl/path.go:805.48,806.23 1 1
github.com/zodimo/go-skia-support/skia/impl/path.go:806.23,811.3 1 1
github.com/zodimo/go-skia-support/skia/impl/path.go:812.2,812.41 1 0
github.com/zodimo/go-skia-support/skia/impl/path.go:815.35,816.24 1 1
github.com/zodimo/go-skia-support/skia/impl/path.go:816.24,820.3 3 1
github.com/zodimo/go-skia-support/skia/impl/path.go:822.2,827.34 5 1
github.com/zodimo/go-skia-support/skia/impl/path.go:827.34,828.18 1 1
github.com/zodimo/go-skia-support/skia/impl/path.go:828.18,830.4 1 1
github.com/zodimo/go-skia-support/skia/impl/path.go:831.3,831.19 1 1
github.com/zodimo/go-skia-support/skia/impl/path.go:831.19,833.4 1 1
github.com/zodimo/go-skia-support/skia/impl/path.go:834.3,834.17 1 1
github.com/zodimo/go-skia-support/skia/impl/path.go:834.17,836.4 1 1
github.com/zodimo/go-skia-support/skia/impl/path.go:837.3,837.20 1 1
github.com/zodimo/go-skia-support/skia/impl/path.go:837.20,839.4 1 1
github.com/zodimo/go-skia-support/skia/impl/path.go:842.2,843.23 2 1
github.com/zodimo/go-skia-support/skia/impl/path.go:846.46,847.23 1 0
github.com/zodimo/go-skia-support/skia/impl/path.go:847.23,849.3 1 0
github.com/zodimo/go-skia-support/skia/impl/path.go:852.2,852.24 1 0
github.com/zodimo/go-skia-support/skia/impl/path.go:852.24,854.3 1 0
github.com/zodimo/go-skia-support/skia/impl/path.go:856.2,866.31 8 0
github.com/zodimo/go-skia-support/skia/impl/path.go:866.31,870.15 3 0
github.com/zodimo/go-skia-support/skia/impl/path.go:871.27,872.32 1 0
github.com/zodimo/go-skia-support/skia/impl/path.go:872.32,877.5 4 0
github.com/zodimo/go-skia-support/skia/impl/path.go:879.27,880.32 1 0
github.com/zodimo/go-skia-support/skia/impl/path.go:880.32,885.5 4 0
github.com/zodimo/go-skia-support/skia/impl/path.go:887.27,888.55 1 0
github.com/zodimo/go-skia-support/skia/impl/path.go:888.55,894.5 4 0
github.com/zodimo/go-skia-support/skia/impl/path.go:896.28,897.95 1 0
github.com/zodimo/go-skia-support/skia/impl/path.go:897.95,904.5 5 0
github.com/zodimo/go-skia-support/skia/impl/path.go:906.28,907.55 1 0
github.com/zodimo/go-skia-support/skia/impl/path.go:907.55,913.5 4 0
github.com/zodimo/go-skia-support/skia/impl/path.go:915.28,915.28 0 0
github.com/zodimo/go-skia-support/skia/impl/path.go:921.3,921.30 1 0
github.com/zodimo/go-skia-support/skia/impl/path.go:921.30,923.19 2 0
github.com/zodimo/go-skia-support/skia/impl/path.go:923.19,925.5 1 0
github.com/zodimo/go-skia-support/skia/impl/path.go:926.4,926.20 1 0
github.com/zodimo/go-skia-support/skia/impl/path.go:926.20,928.5 1 0
github.com/zodimo/go-skia-support/skia/impl/path.go:929.4,929.18 1 0
github.com/zodimo/go-skia-support/skia/impl/path.go:929.18,931.5 1 0
github.com/zodimo/go-skia-support/skia/impl/path.go:932.4,932.21 1 0
github.com/zodimo/go-skia-support/skia/impl/path.go:932.21,934.5 1 0
github.com/zodimo/go-skia-support/skia/impl/path.go:938.2,938.65 1 0
github.com/zodimo/go-skia-support/skia/impl/path.go:941.40,945.33 2 1
github.com/zodimo/go-skia-support/skia/impl/path.go:945.33,946.34 1 1
github.com/zodimo/go-skia-support/skia/impl/path.go:946.34,948.4 1 1
github.com/zodimo/go-skia-support/skia/impl/path.go:950.2,953.33 2 1
github.com/zodimo/go-skia-support/skia/impl/path.go:953.33,954.15 1 1
github.com/zodimo/go-skia-support/skia/impl/path.go:955.27,956.50 1 1
github.com/zodimo/go-skia-support/skia/impl/path.go:957.27,958.52 1 1
github.com/zodimo/go-skia-support/skia/impl/path.go:959.27,960.85 1 0
github.com/zodimo/go-skia-support/skia/impl/path.go:961.28,963.84 1 1
github.com/zodimo/go-skia-support/skia/impl/path.go:963.84,967.5 1 0
github.com/zodimo/go-skia-support/skia/impl/path.go:967.10,969.41 2 1
github.com/zodimo/go-skia-support/skia/impl/path.go:969.41,972.6 2 1
github.com/zodimo/go-skia-support/skia/impl/path.go:972.11,975.6 1 0
github.com/zodimo/go-skia-support/skia/impl/path.go:977.28,978.121 1 0
github.com/zodimo/go-skia-support/skia/impl/path.go:979.28,980.13 1 1
github.com/zodimo/go-skia-support/skia/impl/path.go:985.82,987.48 1 1
github.com/zodimo/go-skia-support/skia/impl/path.go:987.48,991.3 3 1
github.com/zodimo/go-skia-support/skia/impl/path.go:992.2,992.48 1 1
github.com/zodimo/go-skia-support/skia/impl/path.go:992.48,996.3 3 1
github.com/zodimo/go-skia-support/skia/impl/path.go:997.2,997.63 1 1
github.com/zodimo/go-skia-support/skia/impl/path.go:997.63,1001.3 3 1
github.com/zodimo/go-skia-support/skia/impl/path_helper.go:10.86,11.13 1 1
github.com/zodimo/go-skia-support/skia/impl/path_helper.go:12.34,13.37 1 1
github.com/zodimo/go-skia-support/skia/impl/path_helper.go:14.35,15.38 1 1
github.com/zodimo/go-skia-support/skia/impl/path_helper.go:16.39,17.45 1 1
github.com/zodimo/go-skia-support/skia/impl/path_helper.go:18.10,19.36 1 1
github.com/zodimo/go-skia-support/skia/impl/path_helper.go:24.41,25.14 1 1
github.com/zodimo/go-skia-support/skia/impl/path_helper.go:26.26,27.11 1 1
github.com/zodimo/go-skia-support/skia/impl/path_helper.go:28.26,29.11 1 1
github.com/zodimo/go-skia-support/skia/impl/path_helper.go:30.26,31.11 1 1
github.com/zodimo/go-skia-support/skia/impl/path_helper.go:32.27,33.11 1 1
github.com/zodimo/go-skia-support/skia/impl/path_helper.go:34.27,35.11 1 1
github.com/zodimo/go-skia-support/skia/impl/path_helper.go:36.27,37.11 1 1
github.com/zodimo/go-skia-support/skia/impl/path_helper.go:38.10,39.11 1 1
github.com/zodimo/go-skia-support/skia/impl/path_helper.go:44.58,45.15 1 1
github.com/zodimo/go-skia-support/skia/impl/path_helper.go:45.15,48.3 2 1
github.com/zodimo/go-skia-support/skia/impl/path_helper.go:50.2,50.48 1 1
github.com/zodimo/go-skia-support/skia/impl/path_helper.go:50.48,52.3 1 1
github.com/zodimo/go-skia-support/skia/impl/path_helper.go:54.2,55.38 2 1
github.com/zodimo/go-skia-support/skia/impl/path_helper.go:55.38,57.3 1 0
github.com/zodimo/go-skia-support/skia/impl/path_helper.go:59.2,59.14 1 1
github.com/zodimo/go-skia-support/skia/impl/path_helper.go:59.14,61.3 1 0
github.com/zodimo/go-skia-support/skia/impl/path_helper.go:63.2,63.16 1 1
github.com/zodimo/go-skia-support/skia/impl/path_helper.go:68.60,69.12 1 1
github.com/zodimo/go-skia-support/skia/impl/path_helper.go:69.12,70.42 1 1
github.com/zodimo/go-skia-support/skia/impl/path_helper.go:70.42,73.4 2 1
github.com/zodimo/go-skia-support/skia/impl/path_helper.go:74.3,74.11 1 1
github.com/zodimo/go-skia-support/skia/impl/path_helper.go:78.2,79.12 2 1
github.com/zodimo/go-skia-support/skia/impl/path_helper.go:79.12,81.3 1 1
github.com/zodimo/go-skia-support/skia/impl/path_helper.go:82.2,84.57 3 1
github.com/zodimo/go-skia-support/skia/impl/path_helper.go:84.57,86.3 1 0
github.com/zodimo/go-skia-support/skia/impl/path_helper.go:88.2,89.11 2 1
github.com/zodimo/go-skia-support/skia/impl/path_helper.go:89.11,91.3 1 1
github.com/zodimo/go-skia-support/skia/impl/path_helper.go:91.8,93.3 1 0
github.com/zodimo/go-skia-support/skia/impl/path_helper.go:95.2,96.40 2 1
github.com/zodimo/go-skia-support/skia/impl/path_helper.go:96.40,99.3 2 0
github.com/zodimo/go-skia-support/skia/impl/path_helper.go:100.2,100.40 1 1
github.com/zodimo/go-skia-support/skia/impl/path_helper.go:100.40,103.3 2 1
github.com/zodimo/go-skia-support/skia/impl/path_helper.go:106.2,106.16 1 1
github.com/zodimo/go-skia-support/skia/impl/path_helper.go:106.16,107.26 1 0
github.com/zodimo/go-skia-support/skia/impl/path_helper.go:107.26,109.4 1 0
github.com/zodimo/go-skia-support/skia/impl/path_helper.go:109.9,109.34 1 0
github.com/zodimo/go-skia-support/skia/impl/path_helper.go:109.34,112.4 1 0
github.com/zodimo/go-skia-support/skia/impl/path_helper.go:115.2,115.14 1 1
github.com/zodimo/go-skia-support/skia/impl/path_helper.go:122.59,125.48 1 1
github.com/zodimo/go-skia-support/skia/impl/path_helper.go:125.48,128.3 2 1
github.com/zodimo/go-skia-support/skia/impl/path_helper.go:129.2,129.10 1 1
github.com/zodimo/go-skia-support/skia/impl/path_helper.go:134.46,145.2 5 1
github.com/zodimo/go-skia-support/skia/impl/path_helper.go:148.54,149.18 1 0
github.com/zodimo/go-skia-support/skia/impl/path_helper.go:149.18,151.3 1 0
github.com/zodimo/go-skia-support/skia/impl/path_helper.go:153.2,157.11 4 0
github.com/zodimo/go-skia-support/skia/impl/path_helper.go:157.11,159.3 1 0
github.com/zodimo/go-skia-support/skia/impl/path_helper.go:161.2,162.25 2 0
github.com/zodimo/go-skia-support/skia/impl/path_helper.go:162.25,164.3 1 0
github.com/zodimo/go-skia-support/skia/impl/path_helper.go:165.2,167.24 2 0
github.com/zodimo/go-skia-support/skia/impl/path_helper.go:173.64,182.2 4 0
github.com/zodimo/go-skia-support/skia/impl/path_helper.go:186.47,198.2 6 1
github.com/zodimo/go-skia-support/skia/impl/path_helper.go:201.55,202.18 1 0
github.com/zodimo/go-skia-support/skia/impl/path_helper.go:202.18,204.3 1 0
github.com/zodimo/go-skia-support/skia/impl/path_helper.go:206.2,210.11 4 0
github.com/zodimo/go-skia-support/skia/impl/path_helper.go:210.11,212.3 1 0
github.com/zodimo/go-skia-support/skia/impl/path_helper.go:214.2,215.25 2 0
github.com/zodimo/go-skia-support/skia/impl/path_helper.go:215.25,217.3 1 0
github.com/zodimo/go-skia-support/skia/impl/path_helper.go:218.2,220.24 2 0
github.com/zodimo/go-skia-support/skia/impl/path_helper.go:227.57,236.2 4 0
github.com/zodimo/go-skia-support/skia/impl/path_helper.go:239.71,240.18 1 0
github.com/zodimo/go-skia-support/skia/impl/path_helper.go:240.18,242.3 1 0
github.com/zodimo/go-skia-support/skia/impl/path_helper.go:245.2,246.9 2 0
github.com/zodimo/go-skia-support/skia/impl/path_helper.go:246.9,248.3 1 0
github.com/zodimo/go-skia-support/skia/impl/path_helper.go:248.8,250.3 1 0
github.com/zodimo/go-skia-support/skia/impl/path_helper.go:252.2,256.16 4 0
github.com/zodimo/go-skia-support/skia/impl/path_helper.go:256.16,258.3 1 0
github.com/zodimo/go-skia-support/skia/impl/path_helper.go:259.2,259.17 1 0
github.com/zodimo/go-skia-support/skia/impl/path_helper.go:264.57,274.16 8 1
github.com/zodimo/go-skia-support/skia/impl/path_helper.go:274.16,276.3 1 0
github.com/zodimo/go-skia-support/skia/impl/path_helper.go:278.2,281.3 1 1
github.com/zodimo/go-skia-support/skia/impl/path_helper.go:285.65,286.18 1 0
github.com/zodimo/go-skia-support/skia/impl/path_helper.go:286.18,288.3 1 0
github.com/zodimo/go-skia-support/skia/impl/path_helper.go:290.2,293.49 3 0
github.com/zodimo/go-skia-support/skia/impl/path_helper.go:293.49,296.3 2 0
github.com/zodimo/go-skia-support/skia/impl/path_helper.go:297.2,297.50 1 0
github.com/zodimo/go-skia-support/skia/impl/path_helper.go:297.50,300.26 2 0
github.com/zodimo/go-skia-support/skia/impl/path_helper.go:300.26,301.18 1 0
github.com/zodimo/go-skia-support/skia/impl/path_helper.go:301.18,303.10 2 0
github.com/zodimo/go-skia-support/skia/impl/path_helper.go:306.3,306.12 1 0
github.com/zodimo/go-skia-support/skia/impl/path_helper.go:306.12,309.4 2 0
github.com/zodimo/go-skia-support/skia/impl/path_helper.go:312.2,312.11 1 0
github.com/zodimo/go-skia-support/skia/impl/path_helper.go:312.11,314.3 1 0
github.com/zodimo/go-skia-support/skia/impl/path_helper.go:316.2,317.25 2 0
github.com/zodimo/go-skia-support/skia/impl/path_helper.go:317.25,319.3 1 0
github.com/zodimo/go-skia-support/skia/impl/path_helper.go:320.2,322.24 2 0
github.com/zodimo/go-skia-support/skia/impl/path_helper.go:327.56,329.2 1 1
github.com/zodimo/go-skia-support/skia/impl/path_helper.go:331.74,333.2 1 1
github.com/zodimo/go-skia-support/skia/impl/path_helper.go:335.57,337.2 1 1
github.com/zodimo/go-skia-support/skia/impl/path_helper.go:339.30,341.2 1 1
github.com/zodimo/go-skia-support/skia/impl/path_helper.go:352.79,390.2 10 1
github.com/zodimo/go-skia-support/skia/impl/path_helper.go:392.79,401.35 4 1
github.com/zodimo/go-skia-support/skia/impl/path_helper.go:401.35,403.3 1 1
github.com/zodimo/go-skia-support/skia/impl/path_helper.go:404.2,410.25 4 1
github.com/zodimo/go-skia-support/skia/impl/path_helper.go:410.25,413.3 2 1
github.com/zodimo/go-skia-support/skia/impl/path_helper.go:416.2,453.3 5 1
github.com/zodimo/go-skia-support/skia/impl/path_helper.go:456.82,466.21 4 1
github.com/zodimo/go-skia-support/skia/impl/path_helper.go:466.21,468.3 1 0
github.com/zodimo/go-skia-support/skia/impl/path_helper.go:471.2,475.35 3 1
github.com/zodimo/go-skia-support/skia/impl/path_helper.go:475.35,477.3 1 1
github.com/zodimo/go-skia-support/skia/impl/path_helper.go:478.2,484.21 4 1
github.com/zodimo/go-skia-support/skia/impl/path_helper.go:484.21,487.26 1 0
github.com/zodimo/go-skia-support/skia/impl/path_helper.go:487.26,493.4 3 0
github.com/zodimo/go-skia-support/skia/impl/path_helper.go:495.3,496.32 2 0
github.com/zodimo/go-skia-support/skia/impl/path_helper.go:498.8,501.26 1 1
github.com/zodimo/go-skia-support/skia/impl/path_helper.go:501.26,507.4 3 1
github.com/zodimo/go-skia-support/skia/impl/path_helper.go:511.2,512.21 2 1
github.com/zodimo/go-skia-support/skia/impl/path_helper.go:512.21,522.3 1 0
github.com/zodimo/go-skia-support/skia/impl/path_helper.go:522.8,532.3 1 1
github.com/zodimo/go-skia-support/skia/impl/path_helper.go:535.2,537.33 3 1
github.com/zodimo/go-skia-support/skia/impl/path_helper.go:537.33,539.3 1 1
github.com/zodimo/go-skia-support/skia/impl/path_helper.go:544.2,545.21 2 1
github.com/zodimo/go-skia-support/skia/impl/path_helper.go:545.21,558.3 1 0
github.com/zodimo/go-skia-support/skia/impl/path_helper.go:558.8,572.3 1 1
github.com/zodimo/go-skia-support/skia/impl/path_helper.go:576.2,577.21 2 1
github.com/zodimo/go-skia-support/skia/impl/path_helper.go:577.21,581.3 1 0
github.com/zodimo/go-skia-support/skia/impl/path_helper.go:581.8,585.3 1 1
github.com/zodimo/go-skia-support/skia/impl/path_helper.go:587.2,593.3 1 1
github.com/zodimo/go-skia-support/skia/impl/path_helper.go:596.43,597.22 1 1
github.com/zodimo/go-skia-support/skia/impl/path_helper.go:597.22,600.3 1 1
github.com/zodimo/go-skia-support/skia/impl/path_helper.go:602.2,613.49 8 1
github.com/zodimo/go-skia-support/skia/impl/path_helper.go:613.49,614.30 1 1
github.com/zodimo/go-skia-support/skia/impl/path_helper.go:614.30,616.32 2 1
github.com/zodimo/go-skia-support/skia/impl/path_helper.go:616.32,618.45 1 1
github.com/zodimo/go-skia-support/skia/impl/path_helper.go:618.45,620.6 1 0
github.com/zodimo/go-skia-support/skia/impl/path_helper.go:621.5,623.21 3 1
github.com/zodimo/go-skia-support/skia/impl/path_helper.go:623.21,625.18 2 1
github.com/zodimo/go-skia-support/skia/impl/path_helper.go:625.18,627.7 1 1
github.com/zodimo/go-skia-support/skia/impl/path_helper.go:629.5,629.21 1 1
github.com/zodimo/go-skia-support/skia/impl/path_helper.go:629.21,631.18 2 1
github.com/zodimo/go-skia-support/skia/impl/path_helper.go:631.18,633.7 1 1
github.com/zodimo/go-skia-support/skia/impl/path_helper.go:635.5,636.16 2 1
github.com/zodimo/go-skia-support/skia/impl/path_helper.go:638.4,642.22 3 1
github.com/zodimo/go-skia-support/skia/impl/path_helper.go:642.22,643.10 1 1
github.com/zodimo/go-skia-support/skia/impl/path_helper.go:647.3,647.21 1 1
github.com/zodimo/go-skia-support/skia/impl/path_helper.go:647.21,650.4 2 1
github.com/zodimo/go-skia-support/skia/impl/path_helper.go:652.2,652.14 1 1
github.com/zodimo/go-skia-support/skia/impl/path_helper.go:657.51,658.15 1 1
github.com/zodimo/go-skia-support/skia/impl/path_helper.go:658.15,660.3 1 1
github.com/zodimo/go-skia-support/skia/impl/path_helper.go:662.2,662.31 1 1
github.com/zodimo/go-skia-support/skia/impl/path_helper.go:667.52,669.2 1 1
github.com/zodimo/go-skia-support/skia/impl/path_iter.go:31.85,34.65 2 1
github.com/zodimo/go-skia-support/skia/impl/path_iter.go:34.65,36.3 1 0
github.com/zodimo/go-skia-support/skia/impl/path_iter.go:38.2,45.3 1 1
github.com/zodimo/go-skia-support/skia/impl/path_iter.go:53.43,54.36 1 1
github.com/zodimo/go-skia-support/skia/impl/path_iter.go:54.36,56.3 1 1
github.com/zodimo/go-skia-support/skia/impl/path_iter.go:58.2,63.11 5 1
github.com/zodimo/go-skia-support/skia/impl/path_iter.go:64.26,65.37 1 1
github.com/zodimo/go-skia-support/skia/impl/path_iter.go:65.37,70.4 4 1
github.com/zodimo/go-skia-support/skia/impl/path_iter.go:71.3,75.4 1 1
github.com/zodimo/go-skia-support/skia/impl/path_iter.go:76.26,77.8 1 1
github.com/zodimo/go-skia-support/skia/impl/path_iter.go:78.26,79.8 1 1
github.com/zodimo/go-skia-support/skia/impl/path_iter.go:80.27,82.37 2 0
github.com/zodimo/go-skia-support/skia/impl/path_iter.go:82.37,85.4 2 0
github.com/zodimo/go-skia-support/skia/impl/path_iter.go:86.27,87.8 1 1
github.com/zodimo/go-skia-support/skia/impl/path_iter.go:88.27,91.22 1 1
github.com/zodimo/go-skia-support/skia/impl/path_iter.go:91.22,93.4 1 1
github.com/zodimo/go-skia-support/skia/impl/path_iter.go:94.3,94.33 1 1
github.com/zodimo/go-skia-support/skia/impl/path_iter.go:94.33,96.4 1 1
github.com/zodimo/go-skia-support/skia/impl/path_iter.go:97.3,101.4 1 1
github.com/zodimo/go-skia-support/skia/impl/path_iter.go:102.10,103.13 1 0
github.com/zodimo/go-skia-support/skia/impl/path_iter.go:107.2,107.22 1 1
github.com/zodimo/go-skia-support/skia/impl/path_iter.go:107.22,109.3 1 0
github.com/zodimo/go-skia-support/skia/impl/path_iter.go:110.2,111.33 2 1
github.com/zodimo/go-skia-support/skia/impl/path_iter.go:111.33,113.3 1 0
github.com/zodimo/go-skia-support/skia/impl/path_iter.go:116.2,118.25 3 1
github.com/zodimo/go-skia-support/skia/impl/path_iter.go:118.25,120.3 1 1
github.com/zodimo/go-skia-support/skia/impl/path_iter.go:122.2,128.3 2 1
github.com/zodimo/go-skia-support/skia/impl/path_models.go:27.99,45.35 6 1
github.com/zodimo/go-skia-support/skia/impl/path_models.go:45.35,47.3 1 1
github.com/zodimo/go-skia-support/skia/impl/path_models.go:49.2,53.3 1 1
github.com/zodimo/go-skia-support/skia/impl/path_models.go:56.45,58.2 1 1
github.com/zodimo/go-skia-support/skia/impl/path_models.go:60.42,63.2 2 1
github.com/zodimo/go-skia-support/skia/impl/path_models.go:72.99,87.35 4 1
github.com/zodimo/go-skia-support/skia/impl/path_models.go:87.35,89.3 1 1
github.com/zodimo/go-skia-support/skia/impl/path_models.go:91.2,95.3 1 1
github.com/zodimo/go-skia-support/skia/impl/path_models.go:98.45,100.2 1 1
github.com/zodimo/go-skia-support/skia/impl/path_models.go:102.42,105.2 2 1
github.com/zodimo/go-skia-support/skia/impl/path_models.go:115.103,144.35 9 1
github.com/zodimo/go-skia-support/skia/impl/path_models.go:144.35,146.3 1 1
github.com/zodimo/go-skia-support/skia/impl/path_models.go:148.2,152.3 1 1
github.com/zodimo/go-skia-support/skia/impl/path_models.go:155.46,157.2 1 1
github.com/zodimo/go-skia-support/skia/impl/path_models.go:159.43,162.2 2 1
github.com/zodimo/go-skia-support/skia/impl/path_models.go:176.38,182.2 1 1
github.com/zodimo/go-skia-support/skia/impl/path_models.go:184.44,194.2 7 1
github.com/zodimo/go-skia-support/skia/impl/path_models.go:196.45,197.20 1 1
github.com/zodimo/go-skia-support/skia/impl/path_models.go:197.20,199.3 1 1
github.com/zodimo/go-skia-support/skia/impl/path_models.go:203.2,204.110 2 1
github.com/zodimo/go-skia-support/skia/impl/path_models.go:204.110,207.3 2 1
github.com/zodimo/go-skia-support/skia/impl/path_models.go:207.8,207.27 1 1
github.com/zodimo/go-skia-support/skia/impl/path_models.go:207.27,209.3 1 1
github.com/zodimo/go-skia-support/skia/impl/path_models.go:210.2,211.13 2 1
github.com/zodimo/go-skia-support/skia/impl/path_models.go:214.37,218.2 1 1
github.com/zodimo/go-skia-support/skia/impl/path_models.go:220.69,222.2 1 1
github.com/zodimo/go-skia-support/skia/impl/path_models.go:228.70,230.22 2 1
github.com/zodimo/go-skia-support/skia/impl/path_models.go:230.22,232.3 1 0
github.com/zodimo/go-skia-support/skia/impl/path_models.go:233.2,233.16 1 1
github.com/zodimo/go-skia-support/skia/impl/path_models.go:233.16,235.14 2 1
github.com/zodimo/go-skia-support/skia/impl/path_models.go:235.14,237.4 1 1
github.com/zodimo/go-skia-support/skia/impl/path_models.go:238.3,238.33 1 1
github.com/zodimo/go-skia-support/skia/impl/path_models.go:240.2,240.15 1 1
github.com/zodimo/go-skia-support/skia/impl/path_models.go:240.15,242.3 1 1
github.com/zodimo/go-skia-support/skia/impl/path_models.go:243.2,243.28 1 1
github.com/zodimo/go-skia-support/skia/impl/path_models.go:246.50,248.13 2 1
github.com/zodimo/go-skia-support/skia/impl/path_models.go:249.49,250.46 1 1
github.com/zodimo/go-skia-support/skia/impl/path_models.go:250.46,252.35 2 1
github.com/zodimo/go-skia-support/skia/impl/path_models.go:252.35,254.5 1 1
github.com/zodimo/go-skia-support/skia/impl/path_models.go:254.10,256.5 1 1
github.com/zodimo/go-skia-support/skia/impl/path_models.go:257.9,257.34 1 1
github.com/zodimo/go-skia-support/skia/impl/path_models.go:257.34,260.4 2 1
github.com/zodimo/go-skia-support/skia/impl/path_models.go:261.3,261.21 1 1
github.com/zodimo/go-skia-support/skia/impl/path_models.go:262.31,262.31 0 1
github.com/zodimo/go-skia-support/skia/impl/path_models.go:264.32,268.23 3 1
github.com/zodimo/go-skia-support/skia/impl/path_models.go:268.23,270.4 1 0
github.com/zodimo/go-skia-support/skia/impl/path_models.go:271.30,273.15 2 0
github.com/zodimo/go-skia-support/skia/impl/path_models.go:274.30,276.15 1 0
github.com/zodimo/go-skia-support/skia/impl/path_models.go:278.2,278.13 1 1
github.com/zodimo/go-skia-support/skia/impl/test_helpers.go:26.47,28.14 2 1
github.com/zodimo/go-skia-support/skia/impl/test_helpers.go:28.14,30.3 1 1
github.com/zodimo/go-skia-support/skia/impl/test_helpers.go:31.2,31.32 1 1
github.com/zodimo/go-skia-support/skia/impl/test_helpers.go:38.38,39.26 1 1
github.com/zodimo/go-skia-support/skia/impl/test_helpers.go:39.26,41.3 1 0
github.com/zodimo/go-skia-support/skia/impl/test_helpers.go:44.2,44.25 1 1
github.com/zodimo/go-skia-support/skia/impl/test_helpers.go:44.25,45.45 1 1
github.com/zodimo/go-skia-support/skia/impl/test_helpers.go:45.45,47.4 1 0
github.com/zodimo/go-skia-support/skia/impl/test_helpers.go:49.2,49.13 1 1
github.com/zodimo/go-skia-support/skia/impl/test_helpers.go:60.34,61.14 1 1
github.com/zodimo/go-skia-support/skia/impl/test_helpers.go:61.14,63.3 1 0
github.com/zodimo/go-skia-support/skia/impl/test_helpers.go:65.2,66.33 2 1
github.com/zodimo/go-skia-support/skia/impl/test_helpers.go:71.38,72.14 1 1
github.com/zodimo/go-skia-support/skia/impl/test_helpers.go:72.14,74.3 1 0
github.com/zodimo/go-skia-support/skia/impl/test_helpers.go:76.2,76.25 1 1
github.com/zodimo/go-skia-support/skia/impl/test_helpers.go:76.25,77.26 1 1
github.com/zodimo/go-skia-support/skia/impl/test_helpers.go:77.26,79.4 1 0
github.com/zodimo/go-skia-support/skia/impl/test_helpers.go:81.2,81.13 1 1
github.com/zodimo/go-skia-support/skia/impl/test_helpers.go:93.54,95.14 2 1
github.com/zodimo/go-skia-support/skia/impl/test_helpers.go:95.14,97.3 1 1
github.com/zodimo/go-skia-support/skia/impl/test_helpers.go:98.2,98.36 1 1
